This is pdfTeX, Version 3.141592653-2.6-1.40.24 (MiKTeX 21.12) (preloaded format=pdflatex 2022.3.15)  16 JAN 2024 16:27
entering extended mode
 restricted \write18 enabled.
 %&-line parsing enabled.
**./en_caixq_cv.tex
(en_caixq_cv.tex
LaTeX2e <2021-11-15> patch level 1
L3 programming layer <2021-11-22>
(C:\softwares\MiKTeX\tex/latex/base\article.cls
Document Class: article 2021/10/04 v1.4n Standard LaTeX document class
(C:\softwares\MiKTeX\tex/latex/base\size10.clo
File: size10.clo 2021/10/04 v1.4n Standard LaTeX file (size option)
)
\c@part=\count183
\c@section=\count184
\c@subsection=\count185
\c@subsubsection=\count186
\c@paragraph=\count187
\c@subparagraph=\count188
\c@figure=\count189
\c@table=\count190
\abovecaptionskip=\skip47
\belowcaptionskip=\skip48
\bibindent=\dimen138
)
(C:\softwares\MiKTeX\tex/latex/tools\calc.sty
Package: calc 2017/05/25 v4.3 Infix arithmetic (KKT,FJ)
\calc@Acount=\count191
\calc@Bcount=\count192
\calc@Adimen=\dimen139
\calc@Bdimen=\dimen140
\calc@Askip=\skip49
\calc@Bskip=\skip50
LaTeX Info: Redefining \setlength on input line 80.
LaTeX Info: Redefining \addtolength on input line 81.
\calc@Ccount=\count193
\calc@Cskip=\skip51
)
(C:\softwares\MiKTeX\tex/latex/amsfonts\amssymb.sty
Package: amssymb 2013/01/14 v3.01 AMS font symbols

(C:\softwares\MiKTeX\tex/latex/amsfonts\amsfonts.sty
Package: amsfonts 2013/01/14 v3.01 Basic AMSFonts support
\@emptytoks=\toks16
\symAMSa=\mathgroup4
\symAMSb=\mathgroup5
LaTeX Font Info:    Redeclaring math symbol \hbar on input line 98.
LaTeX Font Info:    Overwriting math alphabet `\mathfrak' in version `bold'
(Font)                  U/euf/m/n --> U/euf/b/n on input line 106.
))
(C:\softwares\MiKTeX\tex/latex/amsmath\amsmath.sty
Package: amsmath 2021/10/15 v2.17l AMS math features
\@mathmargin=\skip52

For additional information on amsmath, use the `?' option.
(C:\softwares\MiKTeX\tex/latex/amsmath\amstext.sty
Package: amstext 2021/08/26 v2.01 AMS text

(C:\softwares\MiKTeX\tex/latex/amsmath\amsgen.sty
File: amsgen.sty 1999/11/30 v2.0 generic functions
\@emptytoks=\toks17
\ex@=\dimen141
))
(C:\softwares\MiKTeX\tex/latex/amsmath\amsbsy.sty
Package: amsbsy 1999/11/29 v1.2d Bold Symbols
\pmbraise@=\dimen142
)
(C:\softwares\MiKTeX\tex/latex/amsmath\amsopn.sty
Package: amsopn 2021/08/26 v2.02 operator names
)
\inf@bad=\count194
LaTeX Info: Redefining \frac on input line 234.
\uproot@=\count195
\leftroot@=\count196
LaTeX Info: Redefining \overline on input line 399.
\classnum@=\count197
\DOTSCASE@=\count198
LaTeX Info: Redefining \ldots on input line 496.
LaTeX Info: Redefining \dots on input line 499.
LaTeX Info: Redefining \cdots on input line 620.
\Mathstrutbox@=\box50
\strutbox@=\box51
\big@size=\dimen143
LaTeX Font Info:    Redeclaring font encoding OML on input line 743.
LaTeX Font Info:    Redeclaring font encoding OMS on input line 744.
\macc@depth=\count199
\c@MaxMatrixCols=\count266
\dotsspace@=\muskip16
\c@parentequation=\count267
\dspbrk@lvl=\count268
\tag@help=\toks18
\row@=\count269
\column@=\count270
\maxfields@=\count271
\andhelp@=\toks19
\eqnshift@=\dimen144
\alignsep@=\dimen145
\tagshift@=\dimen146
\tagwidth@=\dimen147
\totwidth@=\dimen148
\lineht@=\dimen149
\@envbody=\toks20
\multlinegap=\skip53
\multlinetaggap=\skip54
\mathdisplay@stack=\toks21
LaTeX Info: Redefining \[ on input line 2938.
LaTeX Info: Redefining \] on input line 2939.
)
(C:\Users\Mo\AppData\Roaming\MiKTeX\tex/latex/ctex\CTEX.sty
(C:\softwares\MiKTeX\tex/latex/l3kernel\expl3.sty
Package: expl3 2021-11-22 L3 programming layer (loader) 

(C:\softwares\MiKTeX\tex/latex/l3backend\l3backend-pdftex.def
File: l3backend-pdftex.def 2021-10-18 L3 backend support: PDF output (pdfTeX)
\l__color_backend_stack_int=\count272
\l__pdf_internal_box=\box52
))

LaTeX Warning: You have requested package `CTEX',
               but the package provides `ctex'.

Package: ctex 2022/07/14 v2.5.10 Chinese adapter in LaTeX (CTEX)
(C:\Users\Mo\AppData\Roaming\MiKTeX\tex/latex/ctex\ctexhook.sty
Package: ctexhook 2022/07/14 v2.5.10 Document and package hooks (CTEX)
)
(C:\Users\Mo\AppData\Roaming\MiKTeX\tex/latex/ctex\ctexpatch.sty
Package: ctexpatch 2022/07/14 v2.5.10 Patching commands (CTEX)
)
(C:\softwares\MiKTeX\tex/latex/base\fix-cm.sty
Package: fix-cm 2020/11/24 v1.1t fixes to LaTeX

(C:\softwares\MiKTeX\tex/latex/base\ts1enc.def
File: ts1enc.def 2001/06/05 v3.0e (jk/car/fm) Standard LaTeX file
LaTeX Font Info:    Redeclaring font encoding TS1 on input line 47.
))
\l__ctex_tmp_int=\count273
\l__ctex_tmp_box=\box53
\l__ctex_tmp_dim=\dimen150
\g__ctex_section_depth_int=\count274
\g__ctex_font_size_int=\count275

(C:\Users\Mo\AppData\Roaming\MiKTeX\tex/latex/ctex/config\ctexopts.cfg
File: ctexopts.cfg 2022/07/14 v2.5.10 Option configuration file (CTEX)
)
(C:\softwares\MiKTeX\tex/latex/l3packages/l3keys2e\l3keys2e.sty
Package: l3keys2e 2021-11-12 LaTeX2e option processing using LaTeX3 keys
)

Package ctex Warning: UTF8 will be used as the default encoding.


(C:\Users\Mo\AppData\Roaming\MiKTeX\tex/latex/ctex/engine\ctex-engine-pdftex.de
f
File: ctex-engine-pdftex.def 2022/07/14 v2.5.10 (pdf)LaTeX adapter (CTEX)
 (C:\Users\Mo\AppData\Roaming\MiKTeX\tex/latex/cjk\CJKutf8.sty
Package: CJKutf8 2021/10/16 4.8.5

(C:\softwares\MiKTeX\tex/generic/iftex\ifpdf.sty
Package: ifpdf 2019/10/25 v3.4 ifpdf legacy package. Use iftex instead.

(C:\softwares\MiKTeX\tex/generic/iftex\iftex.sty
Package: iftex 2020/03/06 v1.0d TeX engine tests
))
(C:\softwares\MiKTeX\tex/latex/base\inputenc.sty
Package: inputenc 2021/02/14 v1.3d Input encoding file
\inpenc@prehook=\toks22
\inpenc@posthook=\toks23
)
(C:\Users\Mo\AppData\Roaming\MiKTeX\tex/latex/cjk\CJK.sty
Package: CJK 2021/10/16 4.8.5

(C:\Users\Mo\AppData\Roaming\MiKTeX\tex/latex/cjk/mule\MULEenc.sty
Package: MULEenc 2021/10/16 4.8.5
)
(C:\Users\Mo\AppData\Roaming\MiKTeX\tex/latex/cjk\CJK.enc
File: CJK.enc 2021/10/16 4.8.5
Now handling font encoding C00 ...
... no UTF-8 mapping file for font encoding C00
Now handling font encoding C05 ...
... no UTF-8 mapping file for font encoding C05
Now handling font encoding C09 ...
... no UTF-8 mapping file for font encoding C09
Now handling font encoding C10 ...
... no UTF-8 mapping file for font encoding C10
Now handling font encoding C20 ...
... no UTF-8 mapping file for font encoding C20
Now handling font encoding C19 ...
... no UTF-8 mapping file for font encoding C19
Now handling font encoding C40 ...
... no UTF-8 mapping file for font encoding C40
Now handling font encoding C42 ...
... no UTF-8 mapping file for font encoding C42
Now handling font encoding C43 ...
... no UTF-8 mapping file for font encoding C43
Now handling font encoding C50 ...
... no UTF-8 mapping file for font encoding C50
Now handling font encoding C52 ...
... no UTF-8 mapping file for font encoding C52
Now handling font encoding C49 ...
... no UTF-8 mapping file for font encoding C49
Now handling font encoding C60 ...
... no UTF-8 mapping file for font encoding C60
Now handling font encoding C61 ...
... no UTF-8 mapping file for font encoding C61
Now handling font encoding C63 ...
... no UTF-8 mapping file for font encoding C63
Now handling font encoding C64 ...
... no UTF-8 mapping file for font encoding C64
Now handling font encoding C65 ...
... no UTF-8 mapping file for font encoding C65
Now handling font encoding C70 ...
... no UTF-8 mapping file for font encoding C70
Now handling font encoding C31 ...
... no UTF-8 mapping file for font encoding C31
Now handling font encoding C32 ...
... no UTF-8 mapping file for font encoding C32
Now handling font encoding C33 ...
... no UTF-8 mapping file for font encoding C33
Now handling font encoding C34 ...
... no UTF-8 mapping file for font encoding C34
Now handling font encoding C35 ...
... no UTF-8 mapping file for font encoding C35
Now handling font encoding C36 ...
... no UTF-8 mapping file for font encoding C36
Now handling font encoding C37 ...
... no UTF-8 mapping file for font encoding C37
Now handling font encoding C80 ...
... no UTF-8 mapping file for font encoding C80
Now handling font encoding C81 ...
... no UTF-8 mapping file for font encoding C81
Now handling font encoding C01 ...
... no UTF-8 mapping file for font encoding C01
Now handling font encoding C11 ...
... no UTF-8 mapping file for font encoding C11
Now handling font encoding C21 ...
... no UTF-8 mapping file for font encoding C21
Now handling font encoding C41 ...
... no UTF-8 mapping file for font encoding C41
Now handling font encoding C62 ...
... no UTF-8 mapping file for font encoding C62
)
\CJK@indent=\box54
)
(C:\softwares\MiKTeX\tex/latex/base\fontenc.sty
Package: fontenc 2021/04/29 v2.0v Standard LaTeX package
))
(C:\Users\Mo\AppData\Roaming\MiKTeX\tex/latex/cjkpunct\CJKpunct.sty
Package: CJKpunct 2016/05/14 4.8.4
\CJKpunct@cnta=\count276
\CJKpunct@cntb=\count277
\CJKpunct@cntc=\count278
\CJKpunct@cntd=\count279
\CJKpunct@cnte=\count280
   defining Unicode char U+2018 (decimal 8216)
   defining Unicode char U+2019 (decimal 8217)
   defining Unicode char U+201C (decimal 8220)
   defining Unicode char U+201D (decimal 8221)
   defining Unicode char U+2014 (decimal 8212)
   defining Unicode char U+2026 (decimal 8230)

(C:\Users\Mo\AppData\Roaming\MiKTeX\tex/latex/cjkpunct\CJKpunct.spa))
(C:\Users\Mo\AppData\Roaming\MiKTeX\tex/latex/cjk\CJKspace.sty
Package: CJKspace 2021/10/16 3.8.0
)
(C:\Users\Mo\AppData\Roaming\MiKTeX\tex/latex/cjk/UTF8\UTF8.bdg
File: UTF8.bdg 2021/10/16 4.8.5
)
(C:\Users\Mo\AppData\Roaming\MiKTeX\tex/latex/ctex\ctexspa.def
File: ctexspa.def 2022/07/14 v2.5.10 Space info for CJKpunct (CTEX)
)
\ccwd=\dimen151
\l__ctex_ccglue_skip=\skip55
)
\l__ctex_ziju_dim=\dimen152

(C:\Users\Mo\AppData\Roaming\MiKTeX\tex/latex/zhnumber\zhnumber.sty
Package: zhnumber 2022/07/14 v3.0 Typesetting numbers with Chinese glyphs
\l__zhnum_scale_int=\count281
\l__zhnum_tmp_int=\count282

(C:\Users\Mo\AppData\Roaming\MiKTeX\tex/latex/zhnumber\zhnumber-utf8.cfg
File: zhnumber-utf8.cfg 2022/07/14 v3.0 Chinese numerals with UTF8 encoding
))
(C:\Users\Mo\AppData\Roaming\MiKTeX\tex/latex/ctex/scheme\ctex-scheme-chinese.d
ef
File: ctex-scheme-chinese.def 2022/07/14 v2.5.10 Chinese scheme for generic (CT
EX)
 (C:\Users\Mo\AppData\Roaming\MiKTeX\tex/latex/ctex/config\ctex-name-utf8.cfg
File: ctex-name-utf8.cfg 2022/07/14 v2.5.10 Caption with encoding UTF-8 (CTEX)
)) (C:\softwares\MiKTeX\tex/latex/tools\indentfirst.sty
Package: indentfirst 1995/11/23 v1.03 Indent first paragraph (DPC)
)
(C:\Users\Mo\AppData\Roaming\MiKTeX\tex/latex/ctex/fontset\ctex-fontset-windows
.def
File: ctex-fontset-windows.def 2022/07/14 v2.5.10 Windows fonts definition (CTE
X)
)) (C:\Users\Mo\AppData\Roaming\MiKTeX\tex/latex/ctex/config\ctex.cfg
File: ctex.cfg 2022/07/14 v2.5.10 Configuration file (CTEX)
)
(C:\Users\Mo\AppData\Roaming\MiKTeX\tex/latex/geometry\geometry.sty
Package: geometry 2020/01/02 v5.9 Page Geometry

(C:\softwares\MiKTeX\tex/latex/graphics\keyval.sty
Package: keyval 2014/10/28 v1.15 key=value parser (DPC)
\KV@toks@=\toks24
)
(C:\softwares\MiKTeX\tex/generic/iftex\ifvtex.sty
Package: ifvtex 2019/10/25 v1.7 ifvtex legacy package. Use iftex instead.
)
\Gm@cnth=\count283
\Gm@cntv=\count284
\c@Gm@tempcnt=\count285
\Gm@bindingoffset=\dimen153
\Gm@wd@mp=\dimen154
\Gm@odd@mp=\dimen155
\Gm@even@mp=\dimen156
\Gm@layoutwidth=\dimen157
\Gm@layoutheight=\dimen158
\Gm@layouthoffset=\dimen159
\Gm@layoutvoffset=\dimen160
\Gm@dimlist=\toks25

(C:\Users\Mo\AppData\Roaming\MiKTeX\tex/latex/geometry\geometry.cfg))
(C:\Users\Mo\AppData\Roaming\MiKTeX\tex/latex/paralist\paralist.sty
Package: paralist 2017/01/22 v2.7 Extended list environments
\pltopsep=\skip56
\plpartopsep=\skip57
\plitemsep=\skip58
\plparsep=\skip59
\pl@lab=\toks26
)
(C:\Users\Mo\AppData\Roaming\MiKTeX\tex/latex/fancyhdr\fancyhdr.sty
Package: fancyhdr 2021/01/28 v4.0.1 Extensive control of page headers and foote
rs
\f@nch@headwidth=\skip60
\f@nch@O@elh=\skip61
\f@nch@O@erh=\skip62
\f@nch@O@olh=\skip63
\f@nch@O@orh=\skip64
\f@nch@O@elf=\skip65
\f@nch@O@erf=\skip66
\f@nch@O@olf=\skip67
\f@nch@O@orf=\skip68
)
(C:\Users\Mo\AppData\Roaming\MiKTeX\tex/latex/lastpage\lastpage.sty
Package: lastpage 2023/10/06 v2.0d lastpage: 2.09 or 2e? (HMM)

(C:\Users\Mo\AppData\Roaming\MiKTeX\tex/latex/lastpage\lastpage2e.sty
Package: lastpage2e 2023/10/06 v2.0d Decide which 2e lastpage version to use (H
MM)

(C:\Users\Mo\AppData\Roaming\MiKTeX\tex/latex/lastpage\lastpageclassic.sty
Package: lastpageclassic 2023/10/06 v2.0d Refers to last page's name (HMM; JPG)

) 
))
\footpageshift=\skip69
 (C:\softwares\MiKTeX\tex/latex/graphics\color.sty
Package: color 2021/10/11 v1.3b Standard LaTeX Color (DPC)

(C:\softwares\MiKTeX\tex/latex/graphics-cfg\color.cfg
File: color.cfg 2016/01/02 v1.6 sample color configuration
)
Package color Info: Driver file: pdftex.def on input line 149.

(C:\softwares\MiKTeX\tex/latex/graphics-def\pdftex.def
File: pdftex.def 2020/10/05 v1.2a Graphics/color driver for pdftex
))
(C:\softwares\MiKTeX\tex/latex/hyperref\hyperref.sty
Package: hyperref 2021-06-07 v7.00m Hypertext links for LaTeX

(C:\Users\Mo\AppData\Roaming\MiKTeX\tex/generic/ltxcmds\ltxcmds.sty
Package: ltxcmds 2020-05-10 v1.25 LaTeX kernel commands for general use (HO)
)
(C:\softwares\MiKTeX\tex/generic/pdftexcmds\pdftexcmds.sty
Package: pdftexcmds 2020-06-27 v0.33 Utility functions of pdfTeX for LuaTeX (HO
)

(C:\Users\Mo\AppData\Roaming\MiKTeX\tex/generic/infwarerr\infwarerr.sty
Package: infwarerr 2019/12/03 v1.5 Providing info/warning/error messages (HO)
)
Package pdftexcmds Info: \pdf@primitive is available.
Package pdftexcmds Info: \pdf@ifprimitive is available.
Package pdftexcmds Info: \pdfdraftmode found.
)
(C:\Users\Mo\AppData\Roaming\MiKTeX\tex/generic/kvsetkeys\kvsetkeys.sty
Package: kvsetkeys 2019/12/15 v1.18 Key value parser (HO)
)
(C:\Users\Mo\AppData\Roaming\MiKTeX\tex/generic/kvdefinekeys\kvdefinekeys.sty
Package: kvdefinekeys 2019-12-19 v1.6 Define keys (HO)
)
(C:\Users\Mo\AppData\Roaming\MiKTeX\tex/generic/pdfescape\pdfescape.sty
Package: pdfescape 2019/12/09 v1.15 Implements pdfTeX's escape features (HO)
)
(C:\Users\Mo\AppData\Roaming\MiKTeX\tex/latex/hycolor\hycolor.sty
Package: hycolor 2020-01-27 v1.10 Color options for hyperref/bookmark (HO)
)
(C:\Users\Mo\AppData\Roaming\MiKTeX\tex/latex/letltxmacro\letltxmacro.sty
Package: letltxmacro 2019/12/03 v1.6 Let assignment for LaTeX macros (HO)
)
(C:\Users\Mo\AppData\Roaming\MiKTeX\tex/latex/auxhook\auxhook.sty
Package: auxhook 2019-12-17 v1.6 Hooks for auxiliary files (HO)
)
(C:\Users\Mo\AppData\Roaming\MiKTeX\tex/latex/kvoptions\kvoptions.sty
Package: kvoptions 2020-10-07 v3.14 Key value format for package options (HO)
)
\@linkdim=\dimen161
\Hy@linkcounter=\count286
\Hy@pagecounter=\count287

(C:\softwares\MiKTeX\tex/latex/hyperref\pd1enc.def
File: pd1enc.def 2021-06-07 v7.00m Hyperref: PDFDocEncoding definition (HO)
Now handling font encoding PD1 ...
... no UTF-8 mapping file for font encoding PD1
)
(C:\softwares\MiKTeX\tex/latex/hyperref\hyperref-langpatches.def
File: hyperref-langpatches.def 2021-06-07 v7.00m Hyperref: patches for babel la
nguages
)
(C:\Users\Mo\AppData\Roaming\MiKTeX\tex/generic/intcalc\intcalc.sty
Package: intcalc 2019/12/15 v1.3 Expandable calculations with integers (HO)
)
(C:\Users\Mo\AppData\Roaming\MiKTeX\tex/generic/etexcmds\etexcmds.sty
Package: etexcmds 2019/12/15 v1.7 Avoid name clashes with e-TeX commands (HO)
)
\Hy@SavedSpaceFactor=\count288

(C:\softwares\MiKTeX\tex/latex/hyperref\puenc.def
File: puenc.def 2021-06-07 v7.00m Hyperref: PDF Unicode definition (HO)
Now handling font encoding PU ...
... no UTF-8 mapping file for font encoding PU
)
Package hyperref Info: Option `unicode' set `true' on input line 4073.
Package hyperref Info: Hyper figures OFF on input line 4192.
Package hyperref Info: Link nesting OFF on input line 4197.
Package hyperref Info: Hyper index ON on input line 4200.
Package hyperref Info: Plain pages OFF on input line 4207.
Package hyperref Info: Backreferencing OFF on input line 4212.
Package hyperref Info: Implicit mode ON; LaTeX internals redefined.
Package hyperref Info: Bookmarks ON on input line 4445.
\c@Hy@tempcnt=\count289

(C:\softwares\MiKTeX\tex/latex/url\url.sty
\Urlmuskip=\muskip17
Package: url 2013/09/16  ver 3.4  Verb mode for urls, etc.
)
LaTeX Info: Redefining \url on input line 4804.
\XeTeXLinkMargin=\dimen162

(C:\Users\Mo\AppData\Roaming\MiKTeX\tex/generic/bitset\bitset.sty
Package: bitset 2019/12/09 v1.3 Handle bit-vector datatype (HO)

(C:\Users\Mo\AppData\Roaming\MiKTeX\tex/generic/bigintcalc\bigintcalc.sty
Package: bigintcalc 2019/12/15 v1.5 Expandable calculations on big integers (HO
)
))
\Fld@menulength=\count290
\Field@Width=\dimen163
\Fld@charsize=\dimen164
Package hyperref Info: Hyper figures OFF on input line 6076.
Package hyperref Info: Link nesting OFF on input line 6081.
Package hyperref Info: Hyper index ON on input line 6084.
Package hyperref Info: backreferencing OFF on input line 6091.
Package hyperref Info: Link coloring OFF on input line 6096.
Package hyperref Info: Link coloring with OCG OFF on input line 6101.
Package hyperref Info: PDF/A mode OFF on input line 6106.
LaTeX Info: Redefining \ref on input line 6146.
LaTeX Info: Redefining \pageref on input line 6150.

(C:\softwares\MiKTeX\tex/latex/base\atbegshi-ltx.sty
Package: atbegshi-ltx 2021/01/10 v1.0c Emulation of the original atbegshi
package with kernel methods
)
\Hy@abspage=\count291
\c@Item=\count292
\c@Hfootnote=\count293
)
Package hyperref Info: Driver (autodetected): hpdftex.

(C:\softwares\MiKTeX\tex/latex/hyperref\hpdftex.def
File: hpdftex.def 2021-06-07 v7.00m Hyperref driver for pdfTeX

(C:\softwares\MiKTeX\tex/latex/base\atveryend-ltx.sty
Package: atveryend-ltx 2020/08/19 v1.0a Emulation of the original atveryend pac
kage
with kernel methods
)
\Fld@listcount=\count294
\c@bookmark@seq@number=\count295

(C:\Users\Mo\AppData\Roaming\MiKTeX\tex/latex/rerunfilecheck\rerunfilecheck.sty
Package: rerunfilecheck 2019/12/05 v1.9 Rerun checks for auxiliary files (HO)

(C:\Users\Mo\AppData\Roaming\MiKTeX\tex/generic/uniquecounter\uniquecounter.sty
Package: uniquecounter 2019/12/15 v1.4 Provide unlimited unique counter (HO)
)
Package uniquecounter Info: New unique counter `rerunfilecheck' on input line 2
86.
)
\Hy@SectionHShift=\skip70
)
Package hyperref Info: Option `colorlinks' set `true' on input line 114.
Package hyperref Info: Option `breaklinks' set `true' on input line 114.
 (C:\Users\Mo\AppData\Roaming\MiKTeX\tex/latex/enumitem\enumitem.sty
Package: enumitem 2019/06/20 v3.9 Customized lists
\labelindent=\skip71
\enit@outerparindent=\dimen165
\enit@toks=\toks27
\enit@inbox=\box55
\enit@count@id=\count296
\enitdp@description=\count297
)
\c@Lcount=\count298
\bibhang=\skip72
\bibsep=\skip73

(C:\Users\Mo\AppData\Roaming\MiKTeX\tex/latex/cjk/UTF8\UTF8.enc
File: UTF8.enc 2021/10/16 4.8.5
)
(C:\Users\Mo\AppData\Roaming\MiKTeX\tex/latex/cjk/UTF8\UTF8.chr
File: UTF8.chr 2021/10/16 4.8.5
)
(en_caixq_cv.aux)
\openout1 = `en_caixq_cv.aux'.

LaTeX Font Info:    Checking defaults for OML/cmm/m/it on input line 259.
LaTeX Font Info:    ... okay on input line 259.
LaTeX Font Info:    Checking defaults for OMS/cmsy/m/n on input line 259.
LaTeX Font Info:    ... okay on input line 259.
LaTeX Font Info:    Checking defaults for OT1/cmr/m/n on input line 259.
LaTeX Font Info:    ... okay on input line 259.
LaTeX Font Info:    Checking defaults for T1/cmr/m/n on input line 259.
LaTeX Font Info:    ... okay on input line 259.
LaTeX Font Info:    Checking defaults for TS1/cmr/m/n on input line 259.
LaTeX Font Info:    ... okay on input line 259.
LaTeX Font Info:    Checking defaults for OMX/cmex/m/n on input line 259.
LaTeX Font Info:    ... okay on input line 259.
LaTeX Font Info:    Checking defaults for U/cmr/m/n on input line 259.
LaTeX Font Info:    ... okay on input line 259.
LaTeX Font Info:    Checking defaults for C00/song/m/n on input line 259.
LaTeX Font Info:    ... okay on input line 259.
LaTeX Font Info:    Checking defaults for C05/song/m/n on input line 259.
LaTeX Font Info:    ... okay on input line 259.
LaTeX Font Info:    Checking defaults for C09/song/m/n on input line 259.
LaTeX Font Info:    ... okay on input line 259.
LaTeX Font Info:    Checking defaults for C10/song/m/n on input line 259.
LaTeX Font Info:    ... okay on input line 259.
LaTeX Font Info:    Checking defaults for C20/song/m/n on input line 259.
LaTeX Font Info:    ... okay on input line 259.
LaTeX Font Info:    Checking defaults for C19/song/m/n on input line 259.
LaTeX Font Info:    ... okay on input line 259.
LaTeX Font Info:    Checking defaults for C40/song/m/n on input line 259.
LaTeX Font Info:    ... okay on input line 259.
LaTeX Font Info:    Checking defaults for C42/song/m/n on input line 259.
LaTeX Font Info:    ... okay on input line 259.
LaTeX Font Info:    Checking defaults for C43/song/m/n on input line 259.
LaTeX Font Info:    ... okay on input line 259.
LaTeX Font Info:    Checking defaults for C50/song/m/n on input line 259.
LaTeX Font Info:    ... okay on input line 259.
LaTeX Font Info:    Checking defaults for C52/song/m/n on input line 259.
LaTeX Font Info:    ... okay on input line 259.
LaTeX Font Info:    Checking defaults for C49/song/m/n on input line 259.
LaTeX Font Info:    ... okay on input line 259.
LaTeX Font Info:    Checking defaults for C60/mj/m/n on input line 259.
LaTeX Font Info:    ... okay on input line 259.
LaTeX Font Info:    Checking defaults for C61/mj/m/n on input line 259.
LaTeX Font Info:    ... okay on input line 259.
LaTeX Font Info:    Checking defaults for C63/mj/m/n on input line 259.
LaTeX Font Info:    ... okay on input line 259.
LaTeX Font Info:    Checking defaults for C64/mj/m/n on input line 259.
LaTeX Font Info:    ... okay on input line 259.
LaTeX Font Info:    Checking defaults for C65/mj/m/n on input line 259.
LaTeX Font Info:    ... okay on input line 259.
LaTeX Font Info:    Checking defaults for C70/song/m/n on input line 259.
LaTeX Font Info:    ... okay on input line 259.
LaTeX Font Info:    Checking defaults for C31/song/m/n on input line 259.
LaTeX Font Info:    ... okay on input line 259.
LaTeX Font Info:    Checking defaults for C32/song/m/n on input line 259.
LaTeX Font Info:    ... okay on input line 259.
LaTeX Font Info:    Checking defaults for C33/song/m/n on input line 259.
LaTeX Font Info:    ... okay on input line 259.
LaTeX Font Info:    Checking defaults for C34/song/m/n on input line 259.
LaTeX Font Info:    ... okay on input line 259.
LaTeX Font Info:    Checking defaults for C35/song/m/n on input line 259.
LaTeX Font Info:    ... okay on input line 259.
LaTeX Font Info:    Checking defaults for C36/song/m/n on input line 259.
LaTeX Font Info:    ... okay on input line 259.
LaTeX Font Info:    Checking defaults for C37/song/m/n on input line 259.
LaTeX Font Info:    ... okay on input line 259.
LaTeX Font Info:    Checking defaults for C80/song/m/n on input line 259.
LaTeX Font Info:    ... okay on input line 259.
LaTeX Font Info:    Checking defaults for C81/song/m/n on input line 259.
LaTeX Font Info:    ... okay on input line 259.
LaTeX Font Info:    Checking defaults for C01/song/m/n on input line 259.
LaTeX Font Info:    ... okay on input line 259.
LaTeX Font Info:    Checking defaults for C11/song/m/n on input line 259.
LaTeX Font Info:    ... okay on input line 259.
LaTeX Font Info:    Checking defaults for C21/song/m/n on input line 259.
LaTeX Font Info:    ... okay on input line 259.
LaTeX Font Info:    Checking defaults for C41/song/m/n on input line 259.
LaTeX Font Info:    ... okay on input line 259.
LaTeX Font Info:    Checking defaults for C62/song/m/n on input line 259.
LaTeX Font Info:    ... okay on input line 259.
LaTeX Font Info:    Checking defaults for PD1/pdf/m/n on input line 259.
LaTeX Font Info:    ... okay on input line 259.
LaTeX Font Info:    Checking defaults for PU/pdf/m/n on input line 259.
LaTeX Font Info:    ... okay on input line 259.

*geometry* driver: auto-detecting
*geometry* detected driver: pdftex
*geometry* verbose mode - [ preamble ] result:
* driver: pdftex
* paper: letterpaper
* layout: <same size as paper>
* layoutoffset:(h,v)=(0.0pt,0.0pt)
* modes: includemp 
* h-part:(L,W,R)=(50.58878pt, 513.11745pt, 50.58878pt)
* v-part:(T,H,B)=(50.58878pt, 693.79243pt, 50.58878pt)
* \paperwidth=614.295pt
* \paperheight=794.96999pt
* \textwidth=426.39369pt
* \textheight=693.79243pt
* \oddsidemargin=65.04254pt
* \evensidemargin=65.04254pt
* \topmargin=-58.68121pt
* \headheight=12.0pt
* \headsep=25.0pt
* \topskip=10.0pt
* \footskip=30.0pt
* \marginparwidth=83.11005pt
* \marginparsep=3.61371pt
* \columnsep=10.0pt
* \skip\footins=9.0pt plus 4.0pt minus 2.0pt
* \hoffset=0.0pt
* \voffset=0.0pt
* \mag=1000
* \@twocolumnfalse
* \@twosidefalse
* \@mparswitchfalse
* \@reversemargintrue
* (1in=72.27pt=25.4mm, 1cm=28.453pt)

(C:\softwares\MiKTeX\tex/context/base/mkii\supp-pdf.mkii
[Loading MPS to PDF converter (version 2006.09.02).]
\scratchcounter=\count299
\scratchdimen=\dimen166
\scratchbox=\box56
\nofMPsegments=\count300
\nofMParguments=\count301
\everyMPshowfont=\toks28
\MPscratchCnt=\count302
\MPscratchDim=\dimen167
\MPnumerator=\count303
\makeMPintoPDFobject=\count304
\everyMPtoPDFconversion=\toks29
)
Package hyperref Info: Link coloring ON on input line 259.
 (C:\softwares\MiKTeX\tex/latex/hyperref\nameref.sty
Package: nameref 2021-04-02 v2.47 Cross-referencing by name of section

(C:\Users\Mo\AppData\Roaming\MiKTeX\tex/latex/refcount\refcount.sty
Package: refcount 2019/12/15 v3.6 Data extraction from label references (HO)
)
(C:\Users\Mo\AppData\Roaming\MiKTeX\tex/generic/gettitlestring\gettitlestring.s
ty
Package: gettitlestring 2019/12/15 v1.6 Cleanup title references (HO)
)
\c@section@level=\count305
)
LaTeX Info: Redefining \ref on input line 259.
LaTeX Info: Redefining \pageref on input line 259.
LaTeX Info: Redefining \nameref on input line 259.
 (en_caixq_cv.out) (en_caixq_cv.out)
\@outlinefile=\write3
\openout3 = `en_caixq_cv.out'.

\rcollength=\skip74
LaTeX Font Info:    Trying to load font information for U+msa on input line 272
.

(C:\softwares\MiKTeX\tex/latex/amsfonts\umsa.fd
File: umsa.fd 2013/01/14 v3.01 AMS symbols A
)
LaTeX Font Info:    Trying to load font information for U+msb on input line 272
.

(C:\softwares\MiKTeX\tex/latex/amsfonts\umsb.fd
File: umsb.fd 2013/01/14 v3.01 AMS symbols B
)
Underfull \hbox (badness 10000) in paragraph at lines 290--291

 []


Underfull \hbox (badness 10000) in paragraph at lines 302--303

 []


Package hyperref Warning: Token not allowed in a PDF string (Unicode):
(hyperref)                removing `\\' on input line 379.


Overfull \hbox (21.10405pt too wide) in paragraph at lines 383--384
\OT1/cmr/bx/n/10 the Thirty-seventh Con-fer-ence on Neu-ral In-for-ma-tion Pro-
cess-ing Sys-tems ([][]NeurIPS'23[][])\OT1/cmr/m/n/10 ,
 []


(C:\Users\Mo\AppData\Roaming\MiKTeX\tex/generic/ctex/zhmap\ctex-zhmap-windows.t
ex
File: ctex-zhmap-windows.tex 2022/07/14 v2.5.10 Windows font map loader for pdf
TeX and DVIPDFMx (CTEX)
{C:/Users/Mo/AppData/Local/MiKTeX/fonts/map/pdftex/pdftex.map}{UGBK.sfd}{Unicod
e.sfd}) [1

]
LaTeX Font Info:    Trying to load font information for C70+rm on input line 42
8.
 (C:\Users\Mo\AppData\Roaming\MiKTeX\tex/latex/ctex/fd\c70rm.fd
File: c70rm.fd 2022/07/14 v2.5.10 Chinese font definition (CTEX)
)
[2] 
AED: lastpage setting LastPage
[3] (en_caixq_cv.aux)
Package rerunfilecheck Info: File `en_caixq_cv.out' has not changed.
(rerunfilecheck)             Checksum: 28C4A9F88C08A29E10F39494567D5310;1159.
 ) 
Here is how much of TeX's memory you used:
 13844 strings out of 478659
 229279 string characters out of 2857704
 542572 words of memory out of 3000000
 31650 multiletter control sequences out of 15000+600000
 410517 words of font info for 51 fonts, out of 8000000 for 9000
 1141 hyphenation exceptions out of 8191
 77i,13n,80p,698b,571s stack positions out of 5000i,500n,10000p,200000b,80000s
<C:/windows/Fonts/simsun.ttc><C:/windows/Fonts/simsun.ttc><C:/windows/Fonts/s
imsun.ttc><C:/windows/Fonts/simsun.ttc><C:/windows/Fonts/simsun.ttc><C:/windows
/Fonts/simsun.ttc><C:/windows/Fonts/simsun.ttc> <C:\Users\Mo\AppData\Local\MiKT
eX\fonts/pk/ljfour/jknappen/ec/dpi600\tcrm1000.pk><C:/softwares/MiKTeX/fonts/ty
pe1/public/amsfonts/cm/cmbx10.pfb><C:/softwares/MiKTeX/fonts/type1/public/amsfo
nts/cm/cmbx12.pfb><C:/softwares/MiKTeX/fonts/type1/public/amsfonts/cm/cmcsc10.p
fb><C:/softwares/MiKTeX/fonts/type1/public/amsfonts/cm/cmr10.pfb><C:/softwares/
MiKTeX/fonts/type1/public/amsfonts/cm/cmr7.pfb>
Output written on en_caixq_cv.pdf (3 pages, 142697 bytes).
PDF statistics:
 185 PDF objects out of 1000 (max. 8388607)
 21 named destinations out of 1000 (max. 500000)
 101 words of extra memory for PDF output out of 10000 (max. 10000000)

